<?xml version="1.0" encoding="UTF-8"?>
<testng-results ignored="0" total="1" passed="1" failed="0" skipped="0">
  <reporter-output>
  </reporter-output>
  <suite started-at="2024-07-05T17:18:57 IST" name="Default suite" finished-at="2024-07-05T17:19:02 IST" duration-ms="4586">
    <groups>
    </groups>
    <test started-at="2024-07-05T17:18:57 IST" name="Default test" finished-at="2024-07-05T17:19:02 IST" duration-ms="4586">
      <class name="com.APITesting.CarRentPutRequest">
        <test-method signature="DELETERequest()[pri:0, instance:com.APITesting.CarRentPutRequest@57a3af25]" started-at="2024-07-05T17:18:57 IST" name="DELETERequest" finished-at="2024-07-05T17:19:02 IST" duration-ms="4413" status="PASS">
          <reporter-output>
          </reporter-output>
        </test-method> <!-- DELETERequest -->
      </class> <!-- com.APITesting.CarRentPutRequest -->
    </test> <!-- Default test -->
  </suite> <!-- Default suite -->
</testng-results>
